<?xml version="1.0" encoding="UTF-8"?>
<!-- Generated by org.testng.reporters.JUnitReportReporter -->
<testsuite hostname="DESKTOP-OJ7HGSR" failures="0" tests="3" name="TestCases" time="0.419" errors="0" timestamp="2023-04-12T22:02:45 EET" skipped="0">
  <testcase classname="TestCases" name="default_lang_test" time="0.194"/>
  <system-out/>
  <testcase classname="TestCases" name="default_currency_test" time="0.119"/>
  <system-out/>
  <testcase classname="TestCases" name="phone_number_test" time="0.106"/>
  <system-out/>
</testsuite> <!-- TestCases -->
